<testsuites id="" name="" tests="14" failures="6" skipped="0" errors="1" time="158.44908299999997">
<testsuite name="src/features/antivirus.feature.spec.js" timestamp="2026-07-04T23:47:23.502Z" hostname="chromium" tests="14" failures="6" skipped="0" time="139.751" errors="1">
<testcase name="Antivirus Core Functions › Dashboard shows initial protected status" classname="src/features/antivirus.feature.spec.js" time="1.623">
<system-out>
<![CDATA[
[[ATTACHMENT|../test-results/src-features-antivirus.fea-56535-ws-initial-protected-status-chromium/test-failed-1.png]]

[[ATTACHMENT|../test-results/src-features-antivirus.fea-56535-ws-initial-protected-status-chromium/video.webm]]

[[ATTACHMENT|../test-results/src-features-antivirus.fea-56535-ws-initial-protected-status-chromium/error-context.md]]

[[ATTACHMENT|../test-results/src-features-antivirus.fea-56535-ws-initial-protected-status-chromium-retry1/test-failed-1.png]]

[[ATTACHMENT|../test-results/src-features-antivirus.fea-56535-ws-initial-protected-status-chromium-retry1/video.webm]]

[[ATTACHMENT|../test-results/src-features-antivirus.fea-56535-ws-initial-protected-status-chromium-retry1/error-context.md]]

[[ATTACHMENT|../test-results/src-features-antivirus.fea-56535-ws-initial-protected-status-chromium-retry1/trace.zip]]

[[ATTACHMENT|../test-results/src-features-antivirus.fea-56535-ws-initial-protected-status-chromium-retry2/test-failed-1.png]]

[[ATTACHMENT|../test-results/src-features-antivirus.fea-56535-ws-initial-protected-status-chromium-retry2/video.webm]]

[[ATTACHMENT|../test-results/src-features-antivirus.fea-56535-ws-initial-protected-status-chromium-retry2/error-context.md]]
]]>
</system-out>
<failure message="expect(locator).toBeVisible() failed" type="expect.toBeVisible">
<![CDATA[  [chromium] › src/features/antivirus.feature.spec.js:6:3 › Antivirus Core Functions › Dashboard shows initial protected status › And the realtime protection toggle should be visible 

    Error: expect(locator).toBeVisible() failed

    Locator: locator('text=Tiempo Real')
    Expected: visible
    Error: strict mode violation: locator('text=Tiempo Real') resolved to 2 elements:
        1) <button class="flex items-center gap-3 px-4 py-3 rounded-md transition-all text-sm font-medium↵                text-[var(--text-muted)] hover:bg-[var(--bg-card)] hover:text-[var(--text-primary)]">…</button> aka getByRole('button', { name: 'Tiempo Real' })
        2) <h3 class="text-sm text-[var(--text-muted)] font-semibold uppercase">Tiempo Real</h3> aka getByRole('heading', { name: 'Tiempo Real' })

    Call log:
      - Expect "toBeVisible" with timeout 5000ms
      - waiting for locator('text=Tiempo Real')


       at ../src/features/steps/antivirus.steps.js:15

      13 |
      14 | Then('the realtime protection toggle should be visible', async ({ page }) => {
    > 15 |   await expect(page.locator('text=Tiempo Real')).toBeVisible();
         |                                                  ^
      16 | });
      17 |
      18 | When('I click the realtime protection toggle', async ({ page }) => {
        at Object.<anonymous> (/home/runner/work/proyecto-si784-2026-i-u3-antivirus_u3_cds/proyecto-si784-2026-i-u3-antivirus_u3_cds/src/features/steps/antivirus.steps.js:15:50)
        at /home/runner/work/proyecto-si784-2026-i-u3-antivirus_u3_cds/proyecto-si784-2026-i-u3-antivirus_u3_cds/node_modules/playwright-bdd/src/runtime/bddStepInvoker.ts:60:60
        at BddStepInvoker.invoke (/home/runner/work/proyecto-si784-2026-i-u3-antivirus_u3_cds/proyecto-si784-2026-i-u3-antivirus_u3_cds/node_modules/playwright-bdd/src/runtime/bddStepInvoker.ts:54:5)
        at /home/runner/work/proyecto-si784-2026-i-u3-antivirus_u3_cds/proyecto-si784-2026-i-u3-antivirus_u3_cds/.features-gen/src/features/antivirus.feature.spec.js:9:5

    attachment #1: screenshot (image/png) ──────────────────────────────────────────────────────────
    ../test-results/src-features-antivirus.fea-56535-ws-initial-protected-status-chromium/test-failed-1.png
    ────────────────────────────────────────────────────────────────────────────────────────────────

    attachment #2: video (video/webm) ──────────────────────────────────────────────────────────────
    ../test-results/src-features-antivirus.fea-56535-ws-initial-protected-status-chromium/video.webm
    ────────────────────────────────────────────────────────────────────────────────────────────────

    Error Context: ../test-results/src-features-antivirus.fea-56535-ws-initial-protected-status-chromium/error-context.md

    Retry #1 ───────────────────────────────────────────────────────────────────────────────────────

    Error: expect(locator).toBeVisible() failed

    Locator: locator('text=Tiempo Real')
    Expected: visible
    Error: strict mode violation: locator('text=Tiempo Real') resolved to 2 elements:
        1) <button class="flex items-center gap-3 px-4 py-3 rounded-md transition-all text-sm font-medium↵                text-[var(--text-muted)] hover:bg-[var(--bg-card)] hover:text-[var(--text-primary)]">…</button> aka getByRole('button', { name: 'Tiempo Real' })
        2) <h3 class="text-sm text-[var(--text-muted)] font-semibold uppercase">Tiempo Real</h3> aka getByRole('heading', { name: 'Tiempo Real' })

    Call log:
      - Expect "toBeVisible" with timeout 5000ms
      - waiting for locator('text=Tiempo Real')


       at ../src/features/steps/antivirus.steps.js:15

      13 |
      14 | Then('the realtime protection toggle should be visible', async ({ page }) => {
    > 15 |   await expect(page.locator('text=Tiempo Real')).toBeVisible();
         |                                                  ^
      16 | });
      17 |
      18 | When('I click the realtime protection toggle', async ({ page }) => {
        at Object.<anonymous> (/home/runner/work/proyecto-si784-2026-i-u3-antivirus_u3_cds/proyecto-si784-2026-i-u3-antivirus_u3_cds/src/features/steps/antivirus.steps.js:15:50)
        at /home/runner/work/proyecto-si784-2026-i-u3-antivirus_u3_cds/proyecto-si784-2026-i-u3-antivirus_u3_cds/node_modules/playwright-bdd/src/runtime/bddStepInvoker.ts:60:60
        at BddStepInvoker.invoke (/home/runner/work/proyecto-si784-2026-i-u3-antivirus_u3_cds/proyecto-si784-2026-i-u3-antivirus_u3_cds/node_modules/playwright-bdd/src/runtime/bddStepInvoker.ts:54:5)
        at /home/runner/work/proyecto-si784-2026-i-u3-antivirus_u3_cds/proyecto-si784-2026-i-u3-antivirus_u3_cds/.features-gen/src/features/antivirus.feature.spec.js:9:5

    attachment #1: screenshot (image/png) ──────────────────────────────────────────────────────────
    ../test-results/src-features-antivirus.fea-56535-ws-initial-protected-status-chromium-retry1/test-failed-1.png
    ────────────────────────────────────────────────────────────────────────────────────────────────

    attachment #2: video (video/webm) ──────────────────────────────────────────────────────────────
    ../test-results/src-features-antivirus.fea-56535-ws-initial-protected-status-chromium-retry1/video.webm
    ────────────────────────────────────────────────────────────────────────────────────────────────

    Error Context: ../test-results/src-features-antivirus.fea-56535-ws-initial-protected-status-chromium-retry1/error-context.md

    attachment #4: trace (application/zip) ─────────────────────────────────────────────────────────
    ../test-results/src-features-antivirus.fea-56535-ws-initial-protected-status-chromium-retry1/trace.zip
    Usage:

        npx playwright show-trace ../test-results/src-features-antivirus.fea-56535-ws-initial-protected-status-chromium-retry1/trace.zip

    ────────────────────────────────────────────────────────────────────────────────────────────────

    Retry #2 ───────────────────────────────────────────────────────────────────────────────────────

    Error: expect(locator).toBeVisible() failed

    Locator: locator('text=Tiempo Real')
    Expected: visible
    Error: strict mode violation: locator('text=Tiempo Real') resolved to 2 elements:
        1) <button class="flex items-center gap-3 px-4 py-3 rounded-md transition-all text-sm font-medium↵                text-[var(--text-muted)] hover:bg-[var(--bg-card)] hover:text-[var(--text-primary)]">…</button> aka getByRole('button', { name: 'Tiempo Real' })
        2) <h3 class="text-sm text-[var(--text-muted)] font-semibold uppercase">Tiempo Real</h3> aka getByRole('heading', { name: 'Tiempo Real' })

    Call log:
      - Expect "toBeVisible" with timeout 5000ms
      - waiting for locator('text=Tiempo Real')


       at ../src/features/steps/antivirus.steps.js:15

      13 |
      14 | Then('the realtime protection toggle should be visible', async ({ page }) => {
    > 15 |   await expect(page.locator('text=Tiempo Real')).toBeVisible();
         |                                                  ^
      16 | });
      17 |
      18 | When('I click the realtime protection toggle', async ({ page }) => {
        at Object.<anonymous> (/home/runner/work/proyecto-si784-2026-i-u3-antivirus_u3_cds/proyecto-si784-2026-i-u3-antivirus_u3_cds/src/features/steps/antivirus.steps.js:15:50)
        at /home/runner/work/proyecto-si784-2026-i-u3-antivirus_u3_cds/proyecto-si784-2026-i-u3-antivirus_u3_cds/node_modules/playwright-bdd/src/runtime/bddStepInvoker.ts:60:60
        at BddStepInvoker.invoke (/home/runner/work/proyecto-si784-2026-i-u3-antivirus_u3_cds/proyecto-si784-2026-i-u3-antivirus_u3_cds/node_modules/playwright-bdd/src/runtime/bddStepInvoker.ts:54:5)
        at /home/runner/work/proyecto-si784-2026-i-u3-antivirus_u3_cds/proyecto-si784-2026-i-u3-antivirus_u3_cds/.features-gen/src/features/antivirus.feature.spec.js:9:5

    attachment #1: screenshot (image/png) ──────────────────────────────────────────────────────────
    ../test-results/src-features-antivirus.fea-56535-ws-initial-protected-status-chromium-retry2/test-failed-1.png
    ────────────────────────────────────────────────────────────────────────────────────────────────

    attachment #2: video (video/webm) ──────────────────────────────────────────────────────────────
    ../test-results/src-features-antivirus.fea-56535-ws-initial-protected-status-chromium-retry2/video.webm
    ────────────────────────────────────────────────────────────────────────────────────────────────

    Error Context: ../test-results/src-features-antivirus.fea-56535-ws-initial-protected-status-chromium-retry2/error-context.md
]]>
</failure>
</testcase>
<testcase name="Antivirus Core Functions › Toggling realtime protection" classname="src/features/antivirus.feature.spec.js" time="0.518">
<system-out>
<![CDATA[
[[ATTACHMENT|../test-results/src-features-antivirus.fea-d2fdf-oggling-realtime-protection-chromium/video.webm]]
]]>
</system-out>
</testcase>
<testcase name="Antivirus Core Functions › Quick scan execution" classname="src/features/antivirus.feature.spec.js" time="17.616">
<system-out>
<![CDATA[
[[ATTACHMENT|../test-results/src-features-antivirus.fea-6ba49-ctions-Quick-scan-execution-chromium/test-failed-1.png]]

[[ATTACHMENT|../test-results/src-features-antivirus.fea-6ba49-ctions-Quick-scan-execution-chromium/video.webm]]

[[ATTACHMENT|../test-results/src-features-antivirus.fea-6ba49-ctions-Quick-scan-execution-chromium/error-context.md]]

[[ATTACHMENT|../test-results/src-features-antivirus.fea-6ba49-ctions-Quick-scan-execution-chromium-retry1/test-failed-1.png]]

[[ATTACHMENT|../test-results/src-features-antivirus.fea-6ba49-ctions-Quick-scan-execution-chromium-retry1/video.webm]]

[[ATTACHMENT|../test-results/src-features-antivirus.fea-6ba49-ctions-Quick-scan-execution-chromium-retry1/error-context.md]]

[[ATTACHMENT|../test-results/src-features-antivirus.fea-6ba49-ctions-Quick-scan-execution-chromium-retry1/trace.zip]]

[[ATTACHMENT|../test-results/src-features-antivirus.fea-6ba49-ctions-Quick-scan-execution-chromium-retry2/test-failed-1.png]]

[[ATTACHMENT|../test-results/src-features-antivirus.fea-6ba49-ctions-Quick-scan-execution-chromium-retry2/video.webm]]

[[ATTACHMENT|../test-results/src-features-antivirus.fea-6ba49-ctions-Quick-scan-execution-chromium-retry2/error-context.md]]
]]>
</system-out>
<failure message="expect(locator).toBeVisible() failed" type="expect.toBeVisible">
<![CDATA[  [chromium] › src/features/antivirus.feature.spec.js:18:3 › Antivirus Core Functions › Quick scan execution › And I should see the "Detener Escaneo" button 

    Error: expect(locator).toBeVisible() failed

    Locator: locator('text=Detener Escaneo')
    Expected: visible
    Timeout: 5000ms
    Error: element(s) not found

    Call log:
      - Expect "toBeVisible" with timeout 5000ms
      - waiting for locator('text=Detener Escaneo')


       at ../src/features/steps/antivirus.steps.js:38

      36 |
      37 | Then('I should see the "Detener Escaneo" button', async ({ page }) => {
    > 38 |   await expect(page.locator('text=Detener Escaneo')).toBeVisible();
         |                                                      ^
      39 | });
      40 |
      41 | When('I navigate to the Quarantine section', async ({ page }) => {
        at Object.<anonymous> (/home/runner/work/proyecto-si784-2026-i-u3-antivirus_u3_cds/proyecto-si784-2026-i-u3-antivirus_u3_cds/src/features/steps/antivirus.steps.js:38:54)
        at /home/runner/work/proyecto-si784-2026-i-u3-antivirus_u3_cds/proyecto-si784-2026-i-u3-antivirus_u3_cds/node_modules/playwright-bdd/src/runtime/bddStepInvoker.ts:60:60
        at BddStepInvoker.invoke (/home/runner/work/proyecto-si784-2026-i-u3-antivirus_u3_cds/proyecto-si784-2026-i-u3-antivirus_u3_cds/node_modules/playwright-bdd/src/runtime/bddStepInvoker.ts:54:5)
        at /home/runner/work/proyecto-si784-2026-i-u3-antivirus_u3_cds/proyecto-si784-2026-i-u3-antivirus_u3_cds/.features-gen/src/features/antivirus.feature.spec.js:22:5

    attachment #1: screenshot (image/png) ──────────────────────────────────────────────────────────
    ../test-results/src-features-antivirus.fea-6ba49-ctions-Quick-scan-execution-chromium/test-failed-1.png
    ────────────────────────────────────────────────────────────────────────────────────────────────

    attachment #2: video (video/webm) ──────────────────────────────────────────────────────────────
    ../test-results/src-features-antivirus.fea-6ba49-ctions-Quick-scan-execution-chromium/video.webm
    ────────────────────────────────────────────────────────────────────────────────────────────────

    Error Context: ../test-results/src-features-antivirus.fea-6ba49-ctions-Quick-scan-execution-chromium/error-context.md

    Retry #1 ───────────────────────────────────────────────────────────────────────────────────────

    Error: expect(locator).toBeVisible() failed

    Locator: locator('text=Detener Escaneo')
    Expected: visible
    Timeout: 5000ms
    Error: element(s) not found

    Call log:
      - Expect "toBeVisible" with timeout 5000ms
      - waiting for locator('text=Detener Escaneo')


       at ../src/features/steps/antivirus.steps.js:38

      36 |
      37 | Then('I should see the "Detener Escaneo" button', async ({ page }) => {
    > 38 |   await expect(page.locator('text=Detener Escaneo')).toBeVisible();
         |                                                      ^
      39 | });
      40 |
      41 | When('I navigate to the Quarantine section', async ({ page }) => {
        at Object.<anonymous> (/home/runner/work/proyecto-si784-2026-i-u3-antivirus_u3_cds/proyecto-si784-2026-i-u3-antivirus_u3_cds/src/features/steps/antivirus.steps.js:38:54)
        at /home/runner/work/proyecto-si784-2026-i-u3-antivirus_u3_cds/proyecto-si784-2026-i-u3-antivirus_u3_cds/node_modules/playwright-bdd/src/runtime/bddStepInvoker.ts:60:60
        at BddStepInvoker.invoke (/home/runner/work/proyecto-si784-2026-i-u3-antivirus_u3_cds/proyecto-si784-2026-i-u3-antivirus_u3_cds/node_modules/playwright-bdd/src/runtime/bddStepInvoker.ts:54:5)
        at /home/runner/work/proyecto-si784-2026-i-u3-antivirus_u3_cds/proyecto-si784-2026-i-u3-antivirus_u3_cds/.features-gen/src/features/antivirus.feature.spec.js:22:5

    attachment #1: screenshot (image/png) ──────────────────────────────────────────────────────────
    ../test-results/src-features-antivirus.fea-6ba49-ctions-Quick-scan-execution-chromium-retry1/test-failed-1.png
    ────────────────────────────────────────────────────────────────────────────────────────────────

    attachment #2: video (video/webm) ──────────────────────────────────────────────────────────────
    ../test-results/src-features-antivirus.fea-6ba49-ctions-Quick-scan-execution-chromium-retry1/video.webm
    ────────────────────────────────────────────────────────────────────────────────────────────────

    Error Context: ../test-results/src-features-antivirus.fea-6ba49-ctions-Quick-scan-execution-chromium-retry1/error-context.md

    attachment #4: trace (application/zip) ─────────────────────────────────────────────────────────
    ../test-results/src-features-antivirus.fea-6ba49-ctions-Quick-scan-execution-chromium-retry1/trace.zip
    Usage:

        npx playwright show-trace ../test-results/src-features-antivirus.fea-6ba49-ctions-Quick-scan-execution-chromium-retry1/trace.zip

    ────────────────────────────────────────────────────────────────────────────────────────────────

    Retry #2 ───────────────────────────────────────────────────────────────────────────────────────

    Error: expect(locator).toBeVisible() failed

    Locator: locator('text=Detener Escaneo')
    Expected: visible
    Timeout: 5000ms
    Error: element(s) not found

    Call log:
      - Expect "toBeVisible" with timeout 5000ms
      - waiting for locator('text=Detener Escaneo')


       at ../src/features/steps/antivirus.steps.js:38

      36 |
      37 | Then('I should see the "Detener Escaneo" button', async ({ page }) => {
    > 38 |   await expect(page.locator('text=Detener Escaneo')).toBeVisible();
         |                                                      ^
      39 | });
      40 |
      41 | When('I navigate to the Quarantine section', async ({ page }) => {
        at Object.<anonymous> (/home/runner/work/proyecto-si784-2026-i-u3-antivirus_u3_cds/proyecto-si784-2026-i-u3-antivirus_u3_cds/src/features/steps/antivirus.steps.js:38:54)
        at /home/runner/work/proyecto-si784-2026-i-u3-antivirus_u3_cds/proyecto-si784-2026-i-u3-antivirus_u3_cds/node_modules/playwright-bdd/src/runtime/bddStepInvoker.ts:60:60
        at BddStepInvoker.invoke (/home/runner/work/proyecto-si784-2026-i-u3-antivirus_u3_cds/proyecto-si784-2026-i-u3-antivirus_u3_cds/node_modules/playwright-bdd/src/runtime/bddStepInvoker.ts:54:5)
        at /home/runner/work/proyecto-si784-2026-i-u3-antivirus_u3_cds/proyecto-si784-2026-i-u3-antivirus_u3_cds/.features-gen/src/features/antivirus.feature.spec.js:22:5

    attachment #1: screenshot (image/png) ──────────────────────────────────────────────────────────
    ../test-results/src-features-antivirus.fea-6ba49-ctions-Quick-scan-execution-chromium-retry2/test-failed-1.png
    ────────────────────────────────────────────────────────────────────────────────────────────────

    attachment #2: video (video/webm) ──────────────────────────────────────────────────────────────
    ../test-results/src-features-antivirus.fea-6ba49-ctions-Quick-scan-execution-chromium-retry2/video.webm
    ────────────────────────────────────────────────────────────────────────────────────────────────

    Error Context: ../test-results/src-features-antivirus.fea-6ba49-ctions-Quick-scan-execution-chromium-retry2/error-context.md
]]>
</failure>
</testcase>
<testcase name="Antivirus Core Functions › Full scan execution" classname="src/features/antivirus.feature.spec.js" time="17.525">
<system-out>
<![CDATA[
[[ATTACHMENT|../test-results/src-features-antivirus.fea-720c3-nctions-Full-scan-execution-chromium/test-failed-1.png]]

[[ATTACHMENT|../test-results/src-features-antivirus.fea-720c3-nctions-Full-scan-execution-chromium/video.webm]]

[[ATTACHMENT|../test-results/src-features-antivirus.fea-720c3-nctions-Full-scan-execution-chromium/error-context.md]]

[[ATTACHMENT|../test-results/src-features-antivirus.fea-720c3-nctions-Full-scan-execution-chromium-retry1/test-failed-1.png]]

[[ATTACHMENT|../test-results/src-features-antivirus.fea-720c3-nctions-Full-scan-execution-chromium-retry1/video.webm]]

[[ATTACHMENT|../test-results/src-features-antivirus.fea-720c3-nctions-Full-scan-execution-chromium-retry1/error-context.md]]

[[ATTACHMENT|../test-results/src-features-antivirus.fea-720c3-nctions-Full-scan-execution-chromium-retry1/trace.zip]]

[[ATTACHMENT|../test-results/src-features-antivirus.fea-720c3-nctions-Full-scan-execution-chromium-retry2/test-failed-1.png]]

[[ATTACHMENT|../test-results/src-features-antivirus.fea-720c3-nctions-Full-scan-execution-chromium-retry2/video.webm]]

[[ATTACHMENT|../test-results/src-features-antivirus.fea-720c3-nctions-Full-scan-execution-chromium-retry2/error-context.md]]
]]>
</system-out>
<failure message="expect(locator).toBeVisible() failed" type="expect.toBeVisible">
<![CDATA[  [chromium] › src/features/antivirus.feature.spec.js:25:3 › Antivirus Core Functions › Full scan execution › And I should see the "Detener Escaneo" button 

    Error: expect(locator).toBeVisible() failed

    Locator: locator('text=Detener Escaneo')
    Expected: visible
    Timeout: 5000ms
    Error: element(s) not found

    Call log:
      - Expect "toBeVisible" with timeout 5000ms
      - waiting for locator('text=Detener Escaneo')


       at ../src/features/steps/antivirus.steps.js:38

      36 |
      37 | Then('I should see the "Detener Escaneo" button', async ({ page }) => {
    > 38 |   await expect(page.locator('text=Detener Escaneo')).toBeVisible();
         |                                                      ^
      39 | });
      40 |
      41 | When('I navigate to the Quarantine section', async ({ page }) => {
        at Object.<anonymous> (/home/runner/work/proyecto-si784-2026-i-u3-antivirus_u3_cds/proyecto-si784-2026-i-u3-antivirus_u3_cds/src/features/steps/antivirus.steps.js:38:54)
        at /home/runner/work/proyecto-si784-2026-i-u3-antivirus_u3_cds/proyecto-si784-2026-i-u3-antivirus_u3_cds/node_modules/playwright-bdd/src/runtime/bddStepInvoker.ts:60:60
        at BddStepInvoker.invoke (/home/runner/work/proyecto-si784-2026-i-u3-antivirus_u3_cds/proyecto-si784-2026-i-u3-antivirus_u3_cds/node_modules/playwright-bdd/src/runtime/bddStepInvoker.ts:54:5)
        at /home/runner/work/proyecto-si784-2026-i-u3-antivirus_u3_cds/proyecto-si784-2026-i-u3-antivirus_u3_cds/.features-gen/src/features/antivirus.feature.spec.js:29:5

    attachment #1: screenshot (image/png) ──────────────────────────────────────────────────────────
    ../test-results/src-features-antivirus.fea-720c3-nctions-Full-scan-execution-chromium/test-failed-1.png
    ────────────────────────────────────────────────────────────────────────────────────────────────

    attachment #2: video (video/webm) ──────────────────────────────────────────────────────────────
    ../test-results/src-features-antivirus.fea-720c3-nctions-Full-scan-execution-chromium/video.webm
    ────────────────────────────────────────────────────────────────────────────────────────────────

    Error Context: ../test-results/src-features-antivirus.fea-720c3-nctions-Full-scan-execution-chromium/error-context.md

    Retry #1 ───────────────────────────────────────────────────────────────────────────────────────

    Error: expect(locator).toBeVisible() failed

    Locator: locator('text=Detener Escaneo')
    Expected: visible
    Timeout: 5000ms
    Error: element(s) not found

    Call log:
      - Expect "toBeVisible" with timeout 5000ms
      - waiting for locator('text=Detener Escaneo')


       at ../src/features/steps/antivirus.steps.js:38

      36 |
      37 | Then('I should see the "Detener Escaneo" button', async ({ page }) => {
    > 38 |   await expect(page.locator('text=Detener Escaneo')).toBeVisible();
         |                                                      ^
      39 | });
      40 |
      41 | When('I navigate to the Quarantine section', async ({ page }) => {
        at Object.<anonymous> (/home/runner/work/proyecto-si784-2026-i-u3-antivirus_u3_cds/proyecto-si784-2026-i-u3-antivirus_u3_cds/src/features/steps/antivirus.steps.js:38:54)
        at /home/runner/work/proyecto-si784-2026-i-u3-antivirus_u3_cds/proyecto-si784-2026-i-u3-antivirus_u3_cds/node_modules/playwright-bdd/src/runtime/bddStepInvoker.ts:60:60
        at BddStepInvoker.invoke (/home/runner/work/proyecto-si784-2026-i-u3-antivirus_u3_cds/proyecto-si784-2026-i-u3-antivirus_u3_cds/node_modules/playwright-bdd/src/runtime/bddStepInvoker.ts:54:5)
        at /home/runner/work/proyecto-si784-2026-i-u3-antivirus_u3_cds/proyecto-si784-2026-i-u3-antivirus_u3_cds/.features-gen/src/features/antivirus.feature.spec.js:29:5

    attachment #1: screenshot (image/png) ──────────────────────────────────────────────────────────
    ../test-results/src-features-antivirus.fea-720c3-nctions-Full-scan-execution-chromium-retry1/test-failed-1.png
    ────────────────────────────────────────────────────────────────────────────────────────────────

    attachment #2: video (video/webm) ──────────────────────────────────────────────────────────────
    ../test-results/src-features-antivirus.fea-720c3-nctions-Full-scan-execution-chromium-retry1/video.webm
    ────────────────────────────────────────────────────────────────────────────────────────────────

    Error Context: ../test-results/src-features-antivirus.fea-720c3-nctions-Full-scan-execution-chromium-retry1/error-context.md

    attachment #4: trace (application/zip) ─────────────────────────────────────────────────────────
    ../test-results/src-features-antivirus.fea-720c3-nctions-Full-scan-execution-chromium-retry1/trace.zip
    Usage:

        npx playwright show-trace ../test-results/src-features-antivirus.fea-720c3-nctions-Full-scan-execution-chromium-retry1/trace.zip

    ────────────────────────────────────────────────────────────────────────────────────────────────

    Retry #2 ───────────────────────────────────────────────────────────────────────────────────────

    Error: expect(locator).toBeVisible() failed

    Locator: locator('text=Detener Escaneo')
    Expected: visible
    Timeout: 5000ms
    Error: element(s) not found

    Call log:
      - Expect "toBeVisible" with timeout 5000ms
      - waiting for locator('text=Detener Escaneo')


       at ../src/features/steps/antivirus.steps.js:38

      36 |
      37 | Then('I should see the "Detener Escaneo" button', async ({ page }) => {
    > 38 |   await expect(page.locator('text=Detener Escaneo')).toBeVisible();
         |                                                      ^
      39 | });
      40 |
      41 | When('I navigate to the Quarantine section', async ({ page }) => {
        at Object.<anonymous> (/home/runner/work/proyecto-si784-2026-i-u3-antivirus_u3_cds/proyecto-si784-2026-i-u3-antivirus_u3_cds/src/features/steps/antivirus.steps.js:38:54)
        at /home/runner/work/proyecto-si784-2026-i-u3-antivirus_u3_cds/proyecto-si784-2026-i-u3-antivirus_u3_cds/node_modules/playwright-bdd/src/runtime/bddStepInvoker.ts:60:60
        at BddStepInvoker.invoke (/home/runner/work/proyecto-si784-2026-i-u3-antivirus_u3_cds/proyecto-si784-2026-i-u3-antivirus_u3_cds/node_modules/playwright-bdd/src/runtime/bddStepInvoker.ts:54:5)
        at /home/runner/work/proyecto-si784-2026-i-u3-antivirus_u3_cds/proyecto-si784-2026-i-u3-antivirus_u3_cds/.features-gen/src/features/antivirus.feature.spec.js:29:5

    attachment #1: screenshot (image/png) ──────────────────────────────────────────────────────────
    ../test-results/src-features-antivirus.fea-720c3-nctions-Full-scan-execution-chromium-retry2/test-failed-1.png
    ────────────────────────────────────────────────────────────────────────────────────────────────

    attachment #2: video (video/webm) ──────────────────────────────────────────────────────────────
    ../test-results/src-features-antivirus.fea-720c3-nctions-Full-scan-execution-chromium-retry2/video.webm
    ────────────────────────────────────────────────────────────────────────────────────────────────

    Error Context: ../test-results/src-features-antivirus.fea-720c3-nctions-Full-scan-execution-chromium-retry2/error-context.md
]]>
</failure>
</testcase>
<testcase name="Antivirus Core Functions › Quarantine view access" classname="src/features/antivirus.feature.spec.js" time="1.684">
<system-out>
<![CDATA[
[[ATTACHMENT|../test-results/src-features-antivirus.fea-b9ed7-ions-Quarantine-view-access-chromium/test-failed-1.png]]

[[ATTACHMENT|../test-results/src-features-antivirus.fea-b9ed7-ions-Quarantine-view-access-chromium/video.webm]]

[[ATTACHMENT|../test-results/src-features-antivirus.fea-b9ed7-ions-Quarantine-view-access-chromium/error-context.md]]

[[ATTACHMENT|../test-results/src-features-antivirus.fea-b9ed7-ions-Quarantine-view-access-chromium-retry1/test-failed-1.png]]

[[ATTACHMENT|../test-results/src-features-antivirus.fea-b9ed7-ions-Quarantine-view-access-chromium-retry1/video.webm]]

[[ATTACHMENT|../test-results/src-features-antivirus.fea-b9ed7-ions-Quarantine-view-access-chromium-retry1/error-context.md]]

[[ATTACHMENT|../test-results/src-features-antivirus.fea-b9ed7-ions-Quarantine-view-access-chromium-retry1/trace.zip]]

[[ATTACHMENT|../test-results/src-features-antivirus.fea-b9ed7-ions-Quarantine-view-access-chromium-retry2/test-failed-1.png]]

[[ATTACHMENT|../test-results/src-features-antivirus.fea-b9ed7-ions-Quarantine-view-access-chromium-retry2/video.webm]]

[[ATTACHMENT|../test-results/src-features-antivirus.fea-b9ed7-ions-Quarantine-view-access-chromium-retry2/error-context.md]]
]]>
</system-out>
<failure message="expect(received).toBeTruthy()" type="expect.toBeTruthy">
<![CDATA[  [chromium] › src/features/antivirus.feature.spec.js:32:3 › Antivirus Core Functions › Quarantine view access › And I should see the quarantine records table or empty state 

    Error: expect(received).toBeTruthy()

    Received: false

       at ../src/features/steps/antivirus.steps.js:55

      53 |   const tableVisible = await table.isVisible();
      54 |   const emptyVisible = await emptyState.isVisible();
    > 55 |   expect(tableVisible || emptyVisible).toBeTruthy();
         |                                        ^
      56 | });
      57 |
      58 | When('I navigate to the History section', async ({ page }) => {
        at Object.<anonymous> (/home/runner/work/proyecto-si784-2026-i-u3-antivirus_u3_cds/proyecto-si784-2026-i-u3-antivirus_u3_cds/src/features/steps/antivirus.steps.js:55:40)
        at /home/runner/work/proyecto-si784-2026-i-u3-antivirus_u3_cds/proyecto-si784-2026-i-u3-antivirus_u3_cds/node_modules/playwright-bdd/src/runtime/bddStepInvoker.ts:60:22
        at BddStepInvoker.invoke (/home/runner/work/proyecto-si784-2026-i-u3-antivirus_u3_cds/proyecto-si784-2026-i-u3-antivirus_u3_cds/node_modules/playwright-bdd/src/runtime/bddStepInvoker.ts:54:5)
        at /home/runner/work/proyecto-si784-2026-i-u3-antivirus_u3_cds/proyecto-si784-2026-i-u3-antivirus_u3_cds/.features-gen/src/features/antivirus.feature.spec.js:36:5

    attachment #1: screenshot (image/png) ──────────────────────────────────────────────────────────
    ../test-results/src-features-antivirus.fea-b9ed7-ions-Quarantine-view-access-chromium/test-failed-1.png
    ────────────────────────────────────────────────────────────────────────────────────────────────

    attachment #2: video (video/webm) ──────────────────────────────────────────────────────────────
    ../test-results/src-features-antivirus.fea-b9ed7-ions-Quarantine-view-access-chromium/video.webm
    ────────────────────────────────────────────────────────────────────────────────────────────────

    Error Context: ../test-results/src-features-antivirus.fea-b9ed7-ions-Quarantine-view-access-chromium/error-context.md

    Retry #1 ───────────────────────────────────────────────────────────────────────────────────────

    Error: expect(received).toBeTruthy()

    Received: false

       at ../src/features/steps/antivirus.steps.js:55

      53 |   const tableVisible = await table.isVisible();
      54 |   const emptyVisible = await emptyState.isVisible();
    > 55 |   expect(tableVisible || emptyVisible).toBeTruthy();
         |                                        ^
      56 | });
      57 |
      58 | When('I navigate to the History section', async ({ page }) => {
        at Object.<anonymous> (/home/runner/work/proyecto-si784-2026-i-u3-antivirus_u3_cds/proyecto-si784-2026-i-u3-antivirus_u3_cds/src/features/steps/antivirus.steps.js:55:40)
        at /home/runner/work/proyecto-si784-2026-i-u3-antivirus_u3_cds/proyecto-si784-2026-i-u3-antivirus_u3_cds/node_modules/playwright-bdd/src/runtime/bddStepInvoker.ts:60:22
        at BddStepInvoker.invoke (/home/runner/work/proyecto-si784-2026-i-u3-antivirus_u3_cds/proyecto-si784-2026-i-u3-antivirus_u3_cds/node_modules/playwright-bdd/src/runtime/bddStepInvoker.ts:54:5)
        at /home/runner/work/proyecto-si784-2026-i-u3-antivirus_u3_cds/proyecto-si784-2026-i-u3-antivirus_u3_cds/.features-gen/src/features/antivirus.feature.spec.js:36:5

    attachment #1: screenshot (image/png) ──────────────────────────────────────────────────────────
    ../test-results/src-features-antivirus.fea-b9ed7-ions-Quarantine-view-access-chromium-retry1/test-failed-1.png
    ────────────────────────────────────────────────────────────────────────────────────────────────

    attachment #2: video (video/webm) ──────────────────────────────────────────────────────────────
    ../test-results/src-features-antivirus.fea-b9ed7-ions-Quarantine-view-access-chromium-retry1/video.webm
    ────────────────────────────────────────────────────────────────────────────────────────────────

    Error Context: ../test-results/src-features-antivirus.fea-b9ed7-ions-Quarantine-view-access-chromium-retry1/error-context.md

    attachment #4: trace (application/zip) ─────────────────────────────────────────────────────────
    ../test-results/src-features-antivirus.fea-b9ed7-ions-Quarantine-view-access-chromium-retry1/trace.zip
    Usage:

        npx playwright show-trace ../test-results/src-features-antivirus.fea-b9ed7-ions-Quarantine-view-access-chromium-retry1/trace.zip

    ────────────────────────────────────────────────────────────────────────────────────────────────

    Retry #2 ───────────────────────────────────────────────────────────────────────────────────────

    Error: expect(received).toBeTruthy()

    Received: false

       at ../src/features/steps/antivirus.steps.js:55

      53 |   const tableVisible = await table.isVisible();
      54 |   const emptyVisible = await emptyState.isVisible();
    > 55 |   expect(tableVisible || emptyVisible).toBeTruthy();
         |                                        ^
      56 | });
      57 |
      58 | When('I navigate to the History section', async ({ page }) => {
        at Object.<anonymous> (/home/runner/work/proyecto-si784-2026-i-u3-antivirus_u3_cds/proyecto-si784-2026-i-u3-antivirus_u3_cds/src/features/steps/antivirus.steps.js:55:40)
        at /home/runner/work/proyecto-si784-2026-i-u3-antivirus_u3_cds/proyecto-si784-2026-i-u3-antivirus_u3_cds/node_modules/playwright-bdd/src/runtime/bddStepInvoker.ts:60:22
        at BddStepInvoker.invoke (/home/runner/work/proyecto-si784-2026-i-u3-antivirus_u3_cds/proyecto-si784-2026-i-u3-antivirus_u3_cds/node_modules/playwright-bdd/src/runtime/bddStepInvoker.ts:54:5)
        at /home/runner/work/proyecto-si784-2026-i-u3-antivirus_u3_cds/proyecto-si784-2026-i-u3-antivirus_u3_cds/.features-gen/src/features/antivirus.feature.spec.js:36:5

    attachment #1: screenshot (image/png) ──────────────────────────────────────────────────────────
    ../test-results/src-features-antivirus.fea-b9ed7-ions-Quarantine-view-access-chromium-retry2/test-failed-1.png
    ────────────────────────────────────────────────────────────────────────────────────────────────

    attachment #2: video (video/webm) ──────────────────────────────────────────────────────────────
    ../test-results/src-features-antivirus.fea-b9ed7-ions-Quarantine-view-access-chromium-retry2/video.webm
    ────────────────────────────────────────────────────────────────────────────────────────────────

    Error Context: ../test-results/src-features-antivirus.fea-b9ed7-ions-Quarantine-view-access-chromium-retry2/error-context.md
]]>
</failure>
</testcase>
<testcase name="Antivirus Core Functions › History view access" classname="src/features/antivirus.feature.spec.js" time="1.741">
<system-out>
<![CDATA[
[[ATTACHMENT|../test-results/src-features-antivirus.fea-2aec9-nctions-History-view-access-chromium/test-failed-1.png]]

[[ATTACHMENT|../test-results/src-features-antivirus.fea-2aec9-nctions-History-view-access-chromium/video.webm]]

[[ATTACHMENT|../test-results/src-features-antivirus.fea-2aec9-nctions-History-view-access-chromium/error-context.md]]

[[ATTACHMENT|../test-results/src-features-antivirus.fea-2aec9-nctions-History-view-access-chromium-retry1/test-failed-1.png]]

[[ATTACHMENT|../test-results/src-features-antivirus.fea-2aec9-nctions-History-view-access-chromium-retry1/video.webm]]

[[ATTACHMENT|../test-results/src-features-antivirus.fea-2aec9-nctions-History-view-access-chromium-retry1/error-context.md]]

[[ATTACHMENT|../test-results/src-features-antivirus.fea-2aec9-nctions-History-view-access-chromium-retry1/trace.zip]]

[[ATTACHMENT|../test-results/src-features-antivirus.fea-2aec9-nctions-History-view-access-chromium-retry2/test-failed-1.png]]

[[ATTACHMENT|../test-results/src-features-antivirus.fea-2aec9-nctions-History-view-access-chromium-retry2/video.webm]]

[[ATTACHMENT|../test-results/src-features-antivirus.fea-2aec9-nctions-History-view-access-chromium-retry2/error-context.md]]
]]>
</system-out>
<failure message="expect(received).toBeTruthy()" type="expect.toBeTruthy">
<![CDATA[  [chromium] › src/features/antivirus.feature.spec.js:39:3 › Antivirus Core Functions › History view access › And I should see the scan history records table or empty state 

    Error: expect(received).toBeTruthy()

    Received: false

       at ../src/features/steps/antivirus.steps.js:71

      69 |   const tableVisible = await table.isVisible();
      70 |   const emptyVisible = await emptyState.isVisible();
    > 71 |   expect(tableVisible || emptyVisible).toBeTruthy();
         |                                        ^
      72 | });
      73 |
      74 | When('I click "Detener Escaneo"', async ({ page }) => {
        at Object.<anonymous> (/home/runner/work/proyecto-si784-2026-i-u3-antivirus_u3_cds/proyecto-si784-2026-i-u3-antivirus_u3_cds/src/features/steps/antivirus.steps.js:71:40)
        at /home/runner/work/proyecto-si784-2026-i-u3-antivirus_u3_cds/proyecto-si784-2026-i-u3-antivirus_u3_cds/node_modules/playwright-bdd/src/runtime/bddStepInvoker.ts:60:22
        at BddStepInvoker.invoke (/home/runner/work/proyecto-si784-2026-i-u3-antivirus_u3_cds/proyecto-si784-2026-i-u3-antivirus_u3_cds/node_modules/playwright-bdd/src/runtime/bddStepInvoker.ts:54:5)
        at /home/runner/work/proyecto-si784-2026-i-u3-antivirus_u3_cds/proyecto-si784-2026-i-u3-antivirus_u3_cds/.features-gen/src/features/antivirus.feature.spec.js:43:5

    attachment #1: screenshot (image/png) ──────────────────────────────────────────────────────────
    ../test-results/src-features-antivirus.fea-2aec9-nctions-History-view-access-chromium/test-failed-1.png
    ────────────────────────────────────────────────────────────────────────────────────────────────

    attachment #2: video (video/webm) ──────────────────────────────────────────────────────────────
    ../test-results/src-features-antivirus.fea-2aec9-nctions-History-view-access-chromium/video.webm
    ────────────────────────────────────────────────────────────────────────────────────────────────

    Error Context: ../test-results/src-features-antivirus.fea-2aec9-nctions-History-view-access-chromium/error-context.md

    Retry #1 ───────────────────────────────────────────────────────────────────────────────────────

    Error: expect(received).toBeTruthy()

    Received: false

       at ../src/features/steps/antivirus.steps.js:71

      69 |   const tableVisible = await table.isVisible();
      70 |   const emptyVisible = await emptyState.isVisible();
    > 71 |   expect(tableVisible || emptyVisible).toBeTruthy();
         |                                        ^
      72 | });
      73 |
      74 | When('I click "Detener Escaneo"', async ({ page }) => {
        at Object.<anonymous> (/home/runner/work/proyecto-si784-2026-i-u3-antivirus_u3_cds/proyecto-si784-2026-i-u3-antivirus_u3_cds/src/features/steps/antivirus.steps.js:71:40)
        at /home/runner/work/proyecto-si784-2026-i-u3-antivirus_u3_cds/proyecto-si784-2026-i-u3-antivirus_u3_cds/node_modules/playwright-bdd/src/runtime/bddStepInvoker.ts:60:22
        at BddStepInvoker.invoke (/home/runner/work/proyecto-si784-2026-i-u3-antivirus_u3_cds/proyecto-si784-2026-i-u3-antivirus_u3_cds/node_modules/playwright-bdd/src/runtime/bddStepInvoker.ts:54:5)
        at /home/runner/work/proyecto-si784-2026-i-u3-antivirus_u3_cds/proyecto-si784-2026-i-u3-antivirus_u3_cds/.features-gen/src/features/antivirus.feature.spec.js:43:5

    attachment #1: screenshot (image/png) ──────────────────────────────────────────────────────────
    ../test-results/src-features-antivirus.fea-2aec9-nctions-History-view-access-chromium-retry1/test-failed-1.png
    ────────────────────────────────────────────────────────────────────────────────────────────────

    attachment #2: video (video/webm) ──────────────────────────────────────────────────────────────
    ../test-results/src-features-antivirus.fea-2aec9-nctions-History-view-access-chromium-retry1/video.webm
    ────────────────────────────────────────────────────────────────────────────────────────────────

    Error Context: ../test-results/src-features-antivirus.fea-2aec9-nctions-History-view-access-chromium-retry1/error-context.md

    attachment #4: trace (application/zip) ─────────────────────────────────────────────────────────
    ../test-results/src-features-antivirus.fea-2aec9-nctions-History-view-access-chromium-retry1/trace.zip
    Usage:

        npx playwright show-trace ../test-results/src-features-antivirus.fea-2aec9-nctions-History-view-access-chromium-retry1/trace.zip

    ────────────────────────────────────────────────────────────────────────────────────────────────

    Retry #2 ───────────────────────────────────────────────────────────────────────────────────────

    Error: expect(received).toBeTruthy()

    Received: false

       at ../src/features/steps/antivirus.steps.js:71

      69 |   const tableVisible = await table.isVisible();
      70 |   const emptyVisible = await emptyState.isVisible();
    > 71 |   expect(tableVisible || emptyVisible).toBeTruthy();
         |                                        ^
      72 | });
      73 |
      74 | When('I click "Detener Escaneo"', async ({ page }) => {
        at Object.<anonymous> (/home/runner/work/proyecto-si784-2026-i-u3-antivirus_u3_cds/proyecto-si784-2026-i-u3-antivirus_u3_cds/src/features/steps/antivirus.steps.js:71:40)
        at /home/runner/work/proyecto-si784-2026-i-u3-antivirus_u3_cds/proyecto-si784-2026-i-u3-antivirus_u3_cds/node_modules/playwright-bdd/src/runtime/bddStepInvoker.ts:60:22
        at BddStepInvoker.invoke (/home/runner/work/proyecto-si784-2026-i-u3-antivirus_u3_cds/proyecto-si784-2026-i-u3-antivirus_u3_cds/node_modules/playwright-bdd/src/runtime/bddStepInvoker.ts:54:5)
        at /home/runner/work/proyecto-si784-2026-i-u3-antivirus_u3_cds/proyecto-si784-2026-i-u3-antivirus_u3_cds/.features-gen/src/features/antivirus.feature.spec.js:43:5

    attachment #1: screenshot (image/png) ──────────────────────────────────────────────────────────
    ../test-results/src-features-antivirus.fea-2aec9-nctions-History-view-access-chromium-retry2/test-failed-1.png
    ────────────────────────────────────────────────────────────────────────────────────────────────

    attachment #2: video (video/webm) ──────────────────────────────────────────────────────────────
    ../test-results/src-features-antivirus.fea-2aec9-nctions-History-view-access-chromium-retry2/video.webm
    ────────────────────────────────────────────────────────────────────────────────────────────────

    Error Context: ../test-results/src-features-antivirus.fea-2aec9-nctions-History-view-access-chromium-retry2/error-context.md
]]>
</failure>
</testcase>
<testcase name="Antivirus Core Functions › Canceling an active scan" classname="src/features/antivirus.feature.spec.js" time="94.566">
<system-out>
<![CDATA[
[[ATTACHMENT|../test-results/src-features-antivirus.fea-3d64a-ns-Canceling-an-active-scan-chromium/test-failed-1.png]]

[[ATTACHMENT|../test-results/src-features-antivirus.fea-3d64a-ns-Canceling-an-active-scan-chromium/video.webm]]

[[ATTACHMENT|../test-results/src-features-antivirus.fea-3d64a-ns-Canceling-an-active-scan-chromium/error-context.md]]

[[ATTACHMENT|../test-results/src-features-antivirus.fea-3d64a-ns-Canceling-an-active-scan-chromium-retry1/test-failed-1.png]]

[[ATTACHMENT|../test-results/src-features-antivirus.fea-3d64a-ns-Canceling-an-active-scan-chromium-retry1/video.webm]]

[[ATTACHMENT|../test-results/src-features-antivirus.fea-3d64a-ns-Canceling-an-active-scan-chromium-retry1/error-context.md]]

[[ATTACHMENT|../test-results/src-features-antivirus.fea-3d64a-ns-Canceling-an-active-scan-chromium-retry1/trace.zip]]

[[ATTACHMENT|../test-results/src-features-antivirus.fea-3d64a-ns-Canceling-an-active-scan-chromium-retry2/test-failed-1.png]]

[[ATTACHMENT|../test-results/src-features-antivirus.fea-3d64a-ns-Canceling-an-active-scan-chromium-retry2/video.webm]]

[[ATTACHMENT|../test-results/src-features-antivirus.fea-3d64a-ns-Canceling-an-active-scan-chromium-retry2/error-context.md]]
]]>
</system-out>
<error message="Test timeout of 30000ms exceeded." type="Error">
<![CDATA[  [chromium] › src/features/antivirus.feature.spec.js:46:3 › Antivirus Core Functions › Canceling an active scan › When I click on "Detener Escaneo" 

    Test timeout of 30000ms exceeded.

    Error: locator.click: Test timeout of 30000ms exceeded.
    Call log:
      - waiting for locator('text="Detener Escaneo"').first()


       at ../src/features/steps/antivirus.steps.js:30

      28 |
      29 | When('I click on {string}', async ({ page }, text) => {
    > 30 |   await page.locator(`text="${text}"`).first().click();
         |                                                ^
      31 | });
      32 |
      33 | Then('I should be navigated to the "Centro de Escaneo" page', async ({ page }) => {
        at Object.<anonymous> (/home/runner/work/proyecto-si784-2026-i-u3-antivirus_u3_cds/proyecto-si784-2026-i-u3-antivirus_u3_cds/src/features/steps/antivirus.steps.js:30:48)
        at /home/runner/work/proyecto-si784-2026-i-u3-antivirus_u3_cds/proyecto-si784-2026-i-u3-antivirus_u3_cds/.features-gen/src/features/antivirus.feature.spec.js:49:5

    attachment #1: screenshot (image/png) ──────────────────────────────────────────────────────────
    ../test-results/src-features-antivirus.fea-3d64a-ns-Canceling-an-active-scan-chromium/test-failed-1.png
    ────────────────────────────────────────────────────────────────────────────────────────────────

    attachment #2: video (video/webm) ──────────────────────────────────────────────────────────────
    ../test-results/src-features-antivirus.fea-3d64a-ns-Canceling-an-active-scan-chromium/video.webm
    ────────────────────────────────────────────────────────────────────────────────────────────────

    Error Context: ../test-results/src-features-antivirus.fea-3d64a-ns-Canceling-an-active-scan-chromium/error-context.md

    Retry #1 ───────────────────────────────────────────────────────────────────────────────────────

    Test timeout of 30000ms exceeded.

    Error: locator.click: Test timeout of 30000ms exceeded.
    Call log:
      - waiting for locator('text="Detener Escaneo"').first()


       at ../src/features/steps/antivirus.steps.js:30

      28 |
      29 | When('I click on {string}', async ({ page }, text) => {
    > 30 |   await page.locator(`text="${text}"`).first().click();
         |                                                ^
      31 | });
      32 |
      33 | Then('I should be navigated to the "Centro de Escaneo" page', async ({ page }) => {
        at Object.<anonymous> (/home/runner/work/proyecto-si784-2026-i-u3-antivirus_u3_cds/proyecto-si784-2026-i-u3-antivirus_u3_cds/src/features/steps/antivirus.steps.js:30:48)
        at /home/runner/work/proyecto-si784-2026-i-u3-antivirus_u3_cds/proyecto-si784-2026-i-u3-antivirus_u3_cds/.features-gen/src/features/antivirus.feature.spec.js:49:5

    attachment #1: screenshot (image/png) ──────────────────────────────────────────────────────────
    ../test-results/src-features-antivirus.fea-3d64a-ns-Canceling-an-active-scan-chromium-retry1/test-failed-1.png
    ────────────────────────────────────────────────────────────────────────────────────────────────

    attachment #2: video (video/webm) ──────────────────────────────────────────────────────────────
    ../test-results/src-features-antivirus.fea-3d64a-ns-Canceling-an-active-scan-chromium-retry1/video.webm
    ────────────────────────────────────────────────────────────────────────────────────────────────

    Error Context: ../test-results/src-features-antivirus.fea-3d64a-ns-Canceling-an-active-scan-chromium-retry1/error-context.md

    attachment #4: trace (application/zip) ─────────────────────────────────────────────────────────
    ../test-results/src-features-antivirus.fea-3d64a-ns-Canceling-an-active-scan-chromium-retry1/trace.zip
    Usage:

        npx playwright show-trace ../test-results/src-features-antivirus.fea-3d64a-ns-Canceling-an-active-scan-chromium-retry1/trace.zip

    ────────────────────────────────────────────────────────────────────────────────────────────────

    Retry #2 ───────────────────────────────────────────────────────────────────────────────────────

    Test timeout of 30000ms exceeded.

    Error: locator.click: Test timeout of 30000ms exceeded.
    Call log:
      - waiting for locator('text="Detener Escaneo"').first()


       at ../src/features/steps/antivirus.steps.js:30

      28 |
      29 | When('I click on {string}', async ({ page }, text) => {
    > 30 |   await page.locator(`text="${text}"`).first().click();
         |                                                ^
      31 | });
      32 |
      33 | Then('I should be navigated to the "Centro de Escaneo" page', async ({ page }) => {
        at Object.<anonymous> (/home/runner/work/proyecto-si784-2026-i-u3-antivirus_u3_cds/proyecto-si784-2026-i-u3-antivirus_u3_cds/src/features/steps/antivirus.steps.js:30:48)
        at /home/runner/work/proyecto-si784-2026-i-u3-antivirus_u3_cds/proyecto-si784-2026-i-u3-antivirus_u3_cds/.features-gen/src/features/antivirus.feature.spec.js:49:5

    attachment #1: screenshot (image/png) ──────────────────────────────────────────────────────────
    ../test-results/src-features-antivirus.fea-3d64a-ns-Canceling-an-active-scan-chromium-retry2/test-failed-1.png
    ────────────────────────────────────────────────────────────────────────────────────────────────

    attachment #2: video (video/webm) ──────────────────────────────────────────────────────────────
    ../test-results/src-features-antivirus.fea-3d64a-ns-Canceling-an-active-scan-chromium-retry2/video.webm
    ────────────────────────────────────────────────────────────────────────────────────────────────

    Error Context: ../test-results/src-features-antivirus.fea-3d64a-ns-Canceling-an-active-scan-chromium-retry2/error-context.md
]]>
</error>
</testcase>
<testcase name="Antivirus Core Functions › Sidebar navigation highlights active section" classname="src/features/antivirus.feature.spec.js" time="1.811">
<system-out>
<![CDATA[
[[ATTACHMENT|../test-results/src-features-antivirus.fea-74d22-n-highlights-active-section-chromium/test-failed-1.png]]

[[ATTACHMENT|../test-results/src-features-antivirus.fea-74d22-n-highlights-active-section-chromium/video.webm]]

[[ATTACHMENT|../test-results/src-features-antivirus.fea-74d22-n-highlights-active-section-chromium/error-context.md]]

[[ATTACHMENT|../test-results/src-features-antivirus.fea-74d22-n-highlights-active-section-chromium-retry1/test-failed-1.png]]

[[ATTACHMENT|../test-results/src-features-antivirus.fea-74d22-n-highlights-active-section-chromium-retry1/video.webm]]

[[ATTACHMENT|../test-results/src-features-antivirus.fea-74d22-n-highlights-active-section-chromium-retry1/error-context.md]]

[[ATTACHMENT|../test-results/src-features-antivirus.fea-74d22-n-highlights-active-section-chromium-retry1/trace.zip]]

[[ATTACHMENT|../test-results/src-features-antivirus.fea-74d22-n-highlights-active-section-chromium-retry2/test-failed-1.png]]

[[ATTACHMENT|../test-results/src-features-antivirus.fea-74d22-n-highlights-active-section-chromium-retry2/video.webm]]

[[ATTACHMENT|../test-results/src-features-antivirus.fea-74d22-n-highlights-active-section-chromium-retry2/error-context.md]]
]]>
</system-out>
<failure message="expect(locator).toHaveClass(expected) failed" type="expect.toHaveClass">
<![CDATA[  [chromium] › src/features/antivirus.feature.spec.js:53:3 › Antivirus Core Functions › Sidebar navigation highlights active section › Then the Scan section in the sidebar should be highlighted 

    Error: expect(locator).toHaveClass(expected) failed

    Locator: locator('button:has-text("Escaneo")')
    Expected pattern: /text-\[var\(--accent-primary\)\]/
    Error: strict mode violation: locator('button:has-text("Escaneo")') resolved to 3 elements:
        1) <button class="flex items-center gap-3 px-4 py-3 rounded-md transition-all text-sm font-medium↵                bg-[var(--accent-primary)]/10 text-[var(--accent-primary)]">…</button> aka getByRole('button', { name: 'Escaneo', exact: true })
        2) <button class="flex flex-col items-center justify-center gap-3 p-6 rounded-xl border border-[var(--border)] bg-[var(--bg-panel)] hover:bg-[var(--bg-card)] disabled:opacity-50 disabled:cursor-not-allowed transition-colors group">…</button> aka getByRole('button', { name: 'Escaneo Rápido Áreas críticas' })
        3) <button class="flex flex-col items-center justify-center gap-3 p-6 rounded-xl border border-[var(--border)] bg-[var(--bg-panel)] hover:bg-[var(--bg-card)] disabled:opacity-50 disabled:cursor-not-allowed transition-colors group">…</button> aka getByRole('button', { name: 'Escaneo Completo Todo el' })

    Call log:
      - Expect "toHaveClass" with timeout 5000ms
      - waiting for locator('button:has-text("Escaneo")')


       at ../src/features/steps/antivirus.steps.js:88

      86 | Then('the Scan section in the sidebar should be highlighted', async ({ page }) => {
      87 |   const button = page.locator('button:has-text("Escaneo")');
    > 88 |   await expect(button).toHaveClass(/text-\[var\(--accent-primary\)\]/);
         |                        ^
      89 | });
      90 |
      91 | When('I navigate to the RealTime section', async ({ page }) => {
        at Object.<anonymous> (/home/runner/work/proyecto-si784-2026-i-u3-antivirus_u3_cds/proyecto-si784-2026-i-u3-antivirus_u3_cds/src/features/steps/antivirus.steps.js:88:24)
        at /home/runner/work/proyecto-si784-2026-i-u3-antivirus_u3_cds/proyecto-si784-2026-i-u3-antivirus_u3_cds/node_modules/playwright-bdd/src/runtime/bddStepInvoker.ts:60:60
        at BddStepInvoker.invoke (/home/runner/work/proyecto-si784-2026-i-u3-antivirus_u3_cds/proyecto-si784-2026-i-u3-antivirus_u3_cds/node_modules/playwright-bdd/src/runtime/bddStepInvoker.ts:54:5)
        at /home/runner/work/proyecto-si784-2026-i-u3-antivirus_u3_cds/proyecto-si784-2026-i-u3-antivirus_u3_cds/.features-gen/src/features/antivirus.feature.spec.js:56:5

    attachment #1: screenshot (image/png) ──────────────────────────────────────────────────────────
    ../test-results/src-features-antivirus.fea-74d22-n-highlights-active-section-chromium/test-failed-1.png
    ────────────────────────────────────────────────────────────────────────────────────────────────

    attachment #2: video (video/webm) ──────────────────────────────────────────────────────────────
    ../test-results/src-features-antivirus.fea-74d22-n-highlights-active-section-chromium/video.webm
    ────────────────────────────────────────────────────────────────────────────────────────────────

    Error Context: ../test-results/src-features-antivirus.fea-74d22-n-highlights-active-section-chromium/error-context.md

    Retry #1 ───────────────────────────────────────────────────────────────────────────────────────

    Error: expect(locator).toHaveClass(expected) failed

    Locator: locator('button:has-text("Escaneo")')
    Expected pattern: /text-\[var\(--accent-primary\)\]/
    Error: strict mode violation: locator('button:has-text("Escaneo")') resolved to 3 elements:
        1) <button class="flex items-center gap-3 px-4 py-3 rounded-md transition-all text-sm font-medium↵                bg-[var(--accent-primary)]/10 text-[var(--accent-primary)]">…</button> aka getByRole('button', { name: 'Escaneo', exact: true })
        2) <button class="flex flex-col items-center justify-center gap-3 p-6 rounded-xl border border-[var(--border)] bg-[var(--bg-panel)] hover:bg-[var(--bg-card)] disabled:opacity-50 disabled:cursor-not-allowed transition-colors group">…</button> aka getByRole('button', { name: 'Escaneo Rápido Áreas críticas' })
        3) <button class="flex flex-col items-center justify-center gap-3 p-6 rounded-xl border border-[var(--border)] bg-[var(--bg-panel)] hover:bg-[var(--bg-card)] disabled:opacity-50 disabled:cursor-not-allowed transition-colors group">…</button> aka getByRole('button', { name: 'Escaneo Completo Todo el' })

    Call log:
      - Expect "toHaveClass" with timeout 5000ms
      - waiting for locator('button:has-text("Escaneo")')


       at ../src/features/steps/antivirus.steps.js:88

      86 | Then('the Scan section in the sidebar should be highlighted', async ({ page }) => {
      87 |   const button = page.locator('button:has-text("Escaneo")');
    > 88 |   await expect(button).toHaveClass(/text-\[var\(--accent-primary\)\]/);
         |                        ^
      89 | });
      90 |
      91 | When('I navigate to the RealTime section', async ({ page }) => {
        at Object.<anonymous> (/home/runner/work/proyecto-si784-2026-i-u3-antivirus_u3_cds/proyecto-si784-2026-i-u3-antivirus_u3_cds/src/features/steps/antivirus.steps.js:88:24)
        at /home/runner/work/proyecto-si784-2026-i-u3-antivirus_u3_cds/proyecto-si784-2026-i-u3-antivirus_u3_cds/node_modules/playwright-bdd/src/runtime/bddStepInvoker.ts:60:60
        at BddStepInvoker.invoke (/home/runner/work/proyecto-si784-2026-i-u3-antivirus_u3_cds/proyecto-si784-2026-i-u3-antivirus_u3_cds/node_modules/playwright-bdd/src/runtime/bddStepInvoker.ts:54:5)
        at /home/runner/work/proyecto-si784-2026-i-u3-antivirus_u3_cds/proyecto-si784-2026-i-u3-antivirus_u3_cds/.features-gen/src/features/antivirus.feature.spec.js:56:5

    attachment #1: screenshot (image/png) ──────────────────────────────────────────────────────────
    ../test-results/src-features-antivirus.fea-74d22-n-highlights-active-section-chromium-retry1/test-failed-1.png
    ────────────────────────────────────────────────────────────────────────────────────────────────

    attachment #2: video (video/webm) ──────────────────────────────────────────────────────────────
    ../test-results/src-features-antivirus.fea-74d22-n-highlights-active-section-chromium-retry1/video.webm
    ────────────────────────────────────────────────────────────────────────────────────────────────

    Error Context: ../test-results/src-features-antivirus.fea-74d22-n-highlights-active-section-chromium-retry1/error-context.md

    attachment #4: trace (application/zip) ─────────────────────────────────────────────────────────
    ../test-results/src-features-antivirus.fea-74d22-n-highlights-active-section-chromium-retry1/trace.zip
    Usage:

        npx playwright show-trace ../test-results/src-features-antivirus.fea-74d22-n-highlights-active-section-chromium-retry1/trace.zip

    ────────────────────────────────────────────────────────────────────────────────────────────────

    Retry #2 ───────────────────────────────────────────────────────────────────────────────────────

    Error: expect(locator).toHaveClass(expected) failed

    Locator: locator('button:has-text("Escaneo")')
    Expected pattern: /text-\[var\(--accent-primary\)\]/
    Error: strict mode violation: locator('button:has-text("Escaneo")') resolved to 3 elements:
        1) <button class="flex items-center gap-3 px-4 py-3 rounded-md transition-all text-sm font-medium↵                bg-[var(--accent-primary)]/10 text-[var(--accent-primary)]">…</button> aka getByRole('button', { name: 'Escaneo', exact: true })
        2) <button class="flex flex-col items-center justify-center gap-3 p-6 rounded-xl border border-[var(--border)] bg-[var(--bg-panel)] hover:bg-[var(--bg-card)] disabled:opacity-50 disabled:cursor-not-allowed transition-colors group">…</button> aka getByRole('button', { name: 'Escaneo Rápido Áreas críticas' })
        3) <button class="flex flex-col items-center justify-center gap-3 p-6 rounded-xl border border-[var(--border)] bg-[var(--bg-panel)] hover:bg-[var(--bg-card)] disabled:opacity-50 disabled:cursor-not-allowed transition-colors group">…</button> aka getByRole('button', { name: 'Escaneo Completo Todo el' })

    Call log:
      - Expect "toHaveClass" with timeout 5000ms
      - waiting for locator('button:has-text("Escaneo")')


       at ../src/features/steps/antivirus.steps.js:88

      86 | Then('the Scan section in the sidebar should be highlighted', async ({ page }) => {
      87 |   const button = page.locator('button:has-text("Escaneo")');
    > 88 |   await expect(button).toHaveClass(/text-\[var\(--accent-primary\)\]/);
         |                        ^
      89 | });
      90 |
      91 | When('I navigate to the RealTime section', async ({ page }) => {
        at Object.<anonymous> (/home/runner/work/proyecto-si784-2026-i-u3-antivirus_u3_cds/proyecto-si784-2026-i-u3-antivirus_u3_cds/src/features/steps/antivirus.steps.js:88:24)
        at /home/runner/work/proyecto-si784-2026-i-u3-antivirus_u3_cds/proyecto-si784-2026-i-u3-antivirus_u3_cds/node_modules/playwright-bdd/src/runtime/bddStepInvoker.ts:60:60
        at BddStepInvoker.invoke (/home/runner/work/proyecto-si784-2026-i-u3-antivirus_u3_cds/proyecto-si784-2026-i-u3-antivirus_u3_cds/node_modules/playwright-bdd/src/runtime/bddStepInvoker.ts:54:5)
        at /home/runner/work/proyecto-si784-2026-i-u3-antivirus_u3_cds/proyecto-si784-2026-i-u3-antivirus_u3_cds/.features-gen/src/features/antivirus.feature.spec.js:56:5

    attachment #1: screenshot (image/png) ──────────────────────────────────────────────────────────
    ../test-results/src-features-antivirus.fea-74d22-n-highlights-active-section-chromium-retry2/test-failed-1.png
    ────────────────────────────────────────────────────────────────────────────────────────────────

    attachment #2: video (video/webm) ──────────────────────────────────────────────────────────────
    ../test-results/src-features-antivirus.fea-74d22-n-highlights-active-section-chromium-retry2/video.webm
    ────────────────────────────────────────────────────────────────────────────────────────────────

    Error Context: ../test-results/src-features-antivirus.fea-74d22-n-highlights-active-section-chromium-retry2/error-context.md
]]>
</failure>
</testcase>
<testcase name="Antivirus Core Functions › Realtime page status" classname="src/features/antivirus.feature.spec.js" time="0.545">
<system-out>
<![CDATA[
[[ATTACHMENT|../test-results/src-features-antivirus.fea-6bda5-ctions-Realtime-page-status-chromium/video.webm]]
]]>
</system-out>
</testcase>
<testcase name="Antivirus Core Functions › History export functionality exists" classname="src/features/antivirus.feature.spec.js" time="0.455">
<system-out>
<![CDATA[
[[ATTACHMENT|../test-results/src-features-antivirus.fea-7336b-export-functionality-exists-chromium/video.webm]]
]]>
</system-out>
</testcase>
<testcase name="Antivirus Core Functions › View application version" classname="src/features/antivirus.feature.spec.js" time="0.397">
<system-out>
<![CDATA[
[[ATTACHMENT|../test-results/src-features-antivirus.fea-e280c-ns-View-application-version-chromium/video.webm]]
]]>
</system-out>
</testcase>
<testcase name="Antivirus Core Functions › Log viewer displays messages" classname="src/features/antivirus.feature.spec.js" time="0.456">
<system-out>
<![CDATA[
[[ATTACHMENT|../test-results/src-features-antivirus.fea-a5aa1-og-viewer-displays-messages-chromium/video.webm]]
]]>
</system-out>
</testcase>
<testcase name="Antivirus Core Functions › Dashboard stats are visible" classname="src/features/antivirus.feature.spec.js" time="0.4">
<system-out>
<![CDATA[
[[ATTACHMENT|../test-results/src-features-antivirus.fea-17129-Dashboard-stats-are-visible-chromium/video.webm]]
]]>
</system-out>
</testcase>
<testcase name="Antivirus Core Functions › Titlebar window controls are present" classname="src/features/antivirus.feature.spec.js" time="0.414">
<system-out>
<![CDATA[
[[ATTACHMENT|../test-results/src-features-antivirus.fea-d90a9-window-controls-are-present-chromium/video.webm]]
]]>
</system-out>
</testcase>
</testsuite>
</testsuites>