{"total": {"lines":{"total":303,"covered":133,"skipped":0,"pct":43.89},"statements":{"total":319,"covered":139,"skipped":0,"pct":43.57},"functions":{"total":112,"covered":42,"skipped":0,"pct":37.5},"branches":{"total":205,"covered":117,"skipped":0,"pct":57.07},"branchesTrue":{"total":0,"covered":0,"skipped":0,"pct":100}}
,"/home/runner/work/proyecto-si784-2026-i-u3-antivirus_u3_cds/proyecto-si784-2026-i-u3-antivirus_u3_cds/src/App.jsx": {"lines":{"total":16,"covered":15,"skipped":0,"pct":93.75},"functions":{"total":5,"covered":5,"skipped":0,"pct":100},"statements":{"total":16,"covered":15,"skipped":0,"pct":93.75},"branches":{"total":8,"covered":7,"skipped":0,"pct":87.5}}
,"/home/runner/work/proyecto-si784-2026-i-u3-antivirus_u3_cds/proyecto-si784-2026-i-u3-antivirus_u3_cds/src/components/Layout.jsx": {"lines":{"total":1,"covered":1,"skipped":0,"pct":100},"functions":{"total":1,"covered":1,"skipped":0,"pct":100},"statements":{"total":1,"covered":1,"skipped":0,"pct":100},"branches":{"total":0,"covered":0,"skipped":0,"pct":100}}
,"/home/runner/work/proyecto-si784-2026-i-u3-antivirus_u3_cds/proyecto-si784-2026-i-u3-antivirus_u3_cds/src/components/LogViewer.jsx": {"lines":{"total":14,"covered":12,"skipped":0,"pct":85.71},"functions":{"total":6,"covered":4,"skipped":0,"pct":66.66},"statements":{"total":15,"covered":12,"skipped":0,"pct":80},"branches":{"total":9,"covered":9,"skipped":0,"pct":100}}
,"/home/runner/work/proyecto-si784-2026-i-u3-antivirus_u3_cds/proyecto-si784-2026-i-u3-antivirus_u3_cds/src/components/RansomwareAlertModal.jsx": {"lines":{"total":2,"covered":2,"skipped":0,"pct":100},"functions":{"total":1,"covered":1,"skipped":0,"pct":100},"statements":{"total":3,"covered":3,"skipped":0,"pct":100},"branches":{"total":2,"covered":2,"skipped":0,"pct":100}}
,"/home/runner/work/proyecto-si784-2026-i-u3-antivirus_u3_cds/proyecto-si784-2026-i-u3-antivirus_u3_cds/src/components/Sidebar.jsx": {"lines":{"total":6,"covered":6,"skipped":0,"pct":100},"functions":{"total":3,"covered":3,"skipped":0,"pct":100},"statements":{"total":6,"covered":6,"skipped":0,"pct":100},"branches":{"total":4,"covered":4,"skipped":0,"pct":100}}
,"/home/runner/work/proyecto-si784-2026-i-u3-antivirus_u3_cds/proyecto-si784-2026-i-u3-antivirus_u3_cds/src/components/ThreatModal.jsx": {"lines":{"total":3,"covered":3,"skipped":0,"pct":100},"functions":{"total":2,"covered":2,"skipped":0,"pct":100},"statements":{"total":4,"covered":4,"skipped":0,"pct":100},"branches":{"total":2,"covered":2,"skipped":0,"pct":100}}
,"/home/runner/work/proyecto-si784-2026-i-u3-antivirus_u3_cds/proyecto-si784-2026-i-u3-antivirus_u3_cds/src/components/Titlebar.jsx": {"lines":{"total":7,"covered":7,"skipped":0,"pct":100},"functions":{"total":4,"covered":4,"skipped":0,"pct":100},"statements":{"total":10,"covered":10,"skipped":0,"pct":100},"branches":{"total":6,"covered":6,"skipped":0,"pct":100}}
,"/home/runner/work/proyecto-si784-2026-i-u3-antivirus_u3_cds/proyecto-si784-2026-i-u3-antivirus_u3_cds/src/features/steps/antivirus.steps.js": {"lines":{"total":93,"covered":0,"skipped":0,"pct":0},"functions":{"total":44,"covered":0,"skipped":0,"pct":0},"statements":{"total":93,"covered":0,"skipped":0,"pct":0},"branches":{"total":12,"covered":0,"skipped":0,"pct":0}}
,"/home/runner/work/proyecto-si784-2026-i-u3-antivirus_u3_cds/proyecto-si784-2026-i-u3-antivirus_u3_cds/src/pages/Dashboard.jsx": {"lines":{"total":16,"covered":13,"skipped":0,"pct":81.25},"functions":{"total":6,"covered":5,"skipped":0,"pct":83.33},"statements":{"total":16,"covered":13,"skipped":0,"pct":81.25},"branches":{"total":44,"covered":30,"skipped":0,"pct":68.18}}
,"/home/runner/work/proyecto-si784-2026-i-u3-antivirus_u3_cds/proyecto-si784-2026-i-u3-antivirus_u3_cds/src/pages/History.jsx": {"lines":{"total":42,"covered":24,"skipped":0,"pct":57.14},"functions":{"total":12,"covered":6,"skipped":0,"pct":50},"statements":{"total":43,"covered":24,"skipped":0,"pct":55.81},"branches":{"total":34,"covered":15,"skipped":0,"pct":44.11}}
,"/home/runner/work/proyecto-si784-2026-i-u3-antivirus_u3_cds/proyecto-si784-2026-i-u3-antivirus_u3_cds/src/pages/Quarantine.jsx": {"lines":{"total":30,"covered":15,"skipped":0,"pct":50},"functions":{"total":9,"covered":5,"skipped":0,"pct":55.55},"statements":{"total":33,"covered":16,"skipped":0,"pct":48.48},"branches":{"total":20,"covered":8,"skipped":0,"pct":40}}
,"/home/runner/work/proyecto-si784-2026-i-u3-antivirus_u3_cds/proyecto-si784-2026-i-u3-antivirus_u3_cds/src/pages/RealTime.jsx": {"lines":{"total":24,"covered":15,"skipped":0,"pct":62.5},"functions":{"total":8,"covered":3,"skipped":0,"pct":37.5},"statements":{"total":25,"covered":15,"skipped":0,"pct":60},"branches":{"total":34,"covered":24,"skipped":0,"pct":70.58}}
,"/home/runner/work/proyecto-si784-2026-i-u3-antivirus_u3_cds/proyecto-si784-2026-i-u3-antivirus_u3_cds/src/pages/Scan.jsx": {"lines":{"total":49,"covered":20,"skipped":0,"pct":40.81},"functions":{"total":11,"covered":3,"skipped":0,"pct":27.27},"statements":{"total":54,"covered":20,"skipped":0,"pct":37.03},"branches":{"total":30,"covered":10,"skipped":0,"pct":33.33}}
}
