TN:
SF:src/App.jsx
FN:10,App
FN:14,(anonymous_1)
FN:17,(anonymous_2)
FN:23,(anonymous_3)
FN:41,(anonymous_4)
FNF:5
FNH:5
FNDA:17,App
FNDA:10,(anonymous_1)
FNDA:1,(anonymous_2)
FNDA:17,(anonymous_3)
FNDA:1,(anonymous_4)
DA:11,17
DA:12,17
DA:14,17
DA:16,10
DA:17,2
DA:18,1
DA:23,17
DA:24,17
DA:25,12
DA:26,2
DA:27,1
DA:28,1
DA:29,1
DA:30,0
DA:34,17
DA:41,1
LF:16
LH:15
BRDA:16,0,0,2
BRDA:16,0,1,8
BRDA:24,1,0,12
BRDA:24,1,1,2
BRDA:24,1,2,1
BRDA:24,1,3,1
BRDA:24,1,4,1
BRDA:24,1,5,0
BRF:8
BRH:7
end_of_record
TN:
SF:src/components/Layout.jsx
FN:5,Layout
FNF:1
FNH:1
FNDA:4,Layout
DA:6,4
LF:1
LH:1
BRF:0
BRH:0
end_of_record
TN:
SF:src/components/LogViewer.jsx
FN:4,LogViewer
FN:7,(anonymous_1)
FN:11,(anonymous_2)
FN:12,(anonymous_3)
FN:16,(anonymous_4)
FN:51,(anonymous_5)
FNF:6
FNH:4
FNDA:10,LogViewer
FNDA:10,(anonymous_1)
FNDA:0,(anonymous_2)
FNDA:0,(anonymous_3)
FNDA:9,(anonymous_4)
FNDA:9,(anonymous_5)
DA:5,10
DA:7,10
DA:8,10
DA:11,10
DA:12,0
DA:13,0
DA:16,10
DA:17,9
DA:20,3
DA:23,2
DA:25,1
DA:28,3
DA:32,10
DA:52,9
LF:14
LH:12
BRDA:17,0,0,2
BRDA:17,0,1,3
BRDA:17,0,2,1
BRDA:17,0,3,2
BRDA:17,0,4,1
BRDA:17,0,5,2
BRDA:17,0,6,3
BRDA:48,1,0,2
BRDA:48,1,1,8
BRF:9
BRH:9
end_of_record
TN:
SF:src/components/RansomwareAlertModal.jsx
FN:3,RansomwareAlertModal
FNF:1
FNH:1
FNDA:8,RansomwareAlertModal
DA:4,8
DA:6,7
LF:2
LH:2
BRDA:4,0,0,1
BRDA:4,0,1,7
BRF:2
BRH:2
end_of_record
TN:
SF:src/components/Sidebar.jsx
FN:4,Sidebar
FN:16,(anonymous_1)
FN:23,(anonymous_2)
FNF:3
FNH:3
FNDA:7,Sidebar
FNDA:35,(anonymous_1)
FNDA:4,(anonymous_2)
DA:5,7
DA:13,7
DA:17,35
DA:18,35
DA:20,35
DA:23,4
LF:6
LH:6
BRDA:25,0,0,7
BRDA:25,0,1,28
BRDA:30,1,0,7
BRDA:30,1,1,28
BRF:4
BRH:4
end_of_record
TN:
SF:src/components/ThreatModal.jsx
FN:4,ThreatModal
FN:52,(anonymous_1)
FNF:2
FNH:2
FNDA:8,ThreatModal
FNDA:1,(anonymous_1)
DA:5,8
DA:7,7
DA:52,1
LF:3
LH:3
BRDA:5,0,0,1
BRDA:5,0,1,7
BRF:2
BRH:2
end_of_record
TN:
SF:src/components/Titlebar.jsx
FN:4,Titlebar
FN:5,(anonymous_1)
FN:9,(anonymous_2)
FN:13,(anonymous_3)
FNF:4
FNH:4
FNDA:7,Titlebar
FNDA:2,(anonymous_1)
FNDA:2,(anonymous_2)
FNDA:2,(anonymous_3)
DA:5,7
DA:6,2
DA:9,7
DA:10,2
DA:13,7
DA:14,2
DA:17,7
LF:7
LH:7
BRDA:6,0,0,1
BRDA:6,0,1,1
BRDA:10,1,0,1
BRDA:10,1,1,1
BRDA:14,2,0,1
BRDA:14,2,1,1
BRF:6
BRH:6
end_of_record
TN:
SF:src/features/steps/antivirus.steps.js
FN:6,(anonymous_0)
FN:10,(anonymous_1)
FN:14,(anonymous_2)
FN:18,(anonymous_3)
FN:25,(anonymous_4)
FN:29,(anonymous_5)
FN:33,(anonymous_6)
FN:37,(anonymous_7)
FN:41,(anonymous_8)
FN:45,(anonymous_9)
FN:49,(anonymous_10)
FN:58,(anonymous_11)
FN:62,(anonymous_12)
FN:66,(anonymous_13)
FN:74,(anonymous_14)
FN:78,(anonymous_15)
FN:82,(anonymous_16)
FN:86,(anonymous_17)
FN:91,(anonymous_18)
FN:95,(anonymous_19)
FN:99,(anonymous_20)
FN:103,(anonymous_21)
FN:107,(anonymous_22)
FN:111,(anonymous_23)
FN:115,(anonymous_24)
FN:119,(anonymous_25)
FN:123,(anonymous_26)
FN:127,(anonymous_27)
FN:131,(anonymous_28)
FN:141,(anonymous_29)
FN:144,(anonymous_30)
FN:157,(anonymous_31)
FN:161,(anonymous_32)
FN:162,(anonymous_33)
FN:163,(anonymous_34)
FN:164,(anonymous_35)
FN:165,(anonymous_36)
FN:166,(anonymous_37)
FN:167,(anonymous_38)
FN:168,(anonymous_39)
FN:180,(anonymous_40)
FN:184,(anonymous_41)
FN:187,(anonymous_42)
FN:188,(anonymous_43)
FNF:44
FNH:0
FNDA:0,(anonymous_0)
FNDA:0,(anonymous_1)
FNDA:0,(anonymous_2)
FNDA:0,(anonymous_3)
FNDA:0,(anonymous_4)
FNDA:0,(anonymous_5)
FNDA:0,(anonymous_6)
FNDA:0,(anonymous_7)
FNDA:0,(anonymous_8)
FNDA:0,(anonymous_9)
FNDA:0,(anonymous_10)
FNDA:0,(anonymous_11)
FNDA:0,(anonymous_12)
FNDA:0,(anonymous_13)
FNDA:0,(anonymous_14)
FNDA:0,(anonymous_15)
FNDA:0,(anonymous_16)
FNDA:0,(anonymous_17)
FNDA:0,(anonymous_18)
FNDA:0,(anonymous_19)
FNDA:0,(anonymous_20)
FNDA:0,(anonymous_21)
FNDA:0,(anonymous_22)
FNDA:0,(anonymous_23)
FNDA:0,(anonymous_24)
FNDA:0,(anonymous_25)
FNDA:0,(anonymous_26)
FNDA:0,(anonymous_27)
FNDA:0,(anonymous_28)
FNDA:0,(anonymous_29)
FNDA:0,(anonymous_30)
FNDA:0,(anonymous_31)
FNDA:0,(anonymous_32)
FNDA:0,(anonymous_33)
FNDA:0,(anonymous_34)
FNDA:0,(anonymous_35)
FNDA:0,(anonymous_36)
FNDA:0,(anonymous_37)
FNDA:0,(anonymous_38)
FNDA:0,(anonymous_39)
FNDA:0,(anonymous_40)
FNDA:0,(anonymous_41)
FNDA:0,(anonymous_42)
FNDA:0,(anonymous_43)
DA:4,0
DA:6,0
DA:7,0
DA:10,0
DA:11,0
DA:14,0
DA:15,0
DA:18,0
DA:20,0
DA:21,0
DA:22,0
DA:25,0
DA:26,0
DA:29,0
DA:30,0
DA:33,0
DA:34,0
DA:37,0
DA:38,0
DA:41,0
DA:42,0
DA:45,0
DA:46,0
DA:49,0
DA:50,0
DA:51,0
DA:53,0
DA:54,0
DA:55,0
DA:58,0
DA:59,0
DA:62,0
DA:63,0
DA:66,0
DA:67,0
DA:68,0
DA:69,0
DA:70,0
DA:71,0
DA:74,0
DA:75,0
DA:78,0
DA:79,0
DA:82,0
DA:83,0
DA:86,0
DA:87,0
DA:88,0
DA:91,0
DA:92,0
DA:95,0
DA:96,0
DA:99,0
DA:100,0
DA:103,0
DA:104,0
DA:107,0
DA:108,0
DA:111,0
DA:112,0
DA:115,0
DA:116,0
DA:119,0
DA:120,0
DA:123,0
DA:124,0
DA:127,0
DA:128,0
DA:131,0
DA:133,0
DA:134,0
DA:135,0
DA:136,0
DA:137,0
DA:138,0
DA:141,0
DA:144,0
DA:145,0
DA:148,0
DA:157,0
DA:159,0
DA:160,0
DA:161,0
DA:163,0
DA:164,0
DA:167,0
DA:168,0
DA:174,0
DA:175,0
DA:180,0
DA:184,0
DA:187,0
DA:188,0
LF:93
LH:0
BRDA:55,0,0,0
BRDA:55,0,1,0
BRDA:71,1,0,0
BRDA:71,1,1,0
BRDA:145,2,0,0
BRDA:145,2,1,0
BRDA:145,3,0,0
BRDA:145,3,1,0
BRDA:159,4,0,0
BRDA:159,4,1,0
BRDA:174,5,0,0
BRDA:174,5,1,0
BRF:12
BRH:0
end_of_record
TN:
SF:src/pages/Dashboard.jsx
FN:4,Dashboard
FN:11,(anonymous_1)
FN:17,(anonymous_2)
FN:23,(anonymous_3)
FN:116,(anonymous_4)
FN:124,(anonymous_5)
FNF:6
FNH:5
FNDA:12,Dashboard
FNDA:11,(anonymous_1)
FNDA:0,(anonymous_2)
FNDA:1,(anonymous_3)
FNDA:1,(anonymous_4)
FNDA:1,(anonymous_5)
DA:5,12
DA:6,12
DA:9,12
DA:11,12
DA:13,11
DA:14,1
DA:17,1
DA:18,0
DA:23,12
DA:24,1
DA:25,0
DA:26,0
DA:28,1
DA:32,12
DA:116,1
DA:124,1
LF:16
LH:13
BRDA:13,0,0,1
BRDA:13,0,1,10
BRDA:24,1,0,0
BRDA:24,1,1,1
BRDA:37,2,0,12
BRDA:37,2,1,0
BRDA:38,3,0,0
BRDA:38,3,1,12
BRDA:39,4,0,0
BRDA:39,4,1,12
BRDA:42,5,0,12
BRDA:42,5,1,0
BRDA:43,6,0,0
BRDA:43,6,1,12
BRDA:44,7,0,0
BRDA:44,7,1,12
BRDA:46,8,0,12
BRDA:46,8,1,12
BRDA:47,9,0,12
BRDA:47,9,1,0
BRDA:48,10,0,12
BRDA:48,10,1,0
BRDA:52,11,0,12
BRDA:52,11,1,0
BRDA:53,12,0,0
BRDA:53,12,1,12
BRDA:54,13,0,0
BRDA:54,13,1,12
BRDA:56,14,0,12
BRDA:56,14,1,12
BRDA:57,15,0,12
BRDA:57,15,1,0
BRDA:58,16,0,12
BRDA:58,16,1,0
BRDA:93,17,0,1
BRDA:93,17,1,11
BRDA:98,18,0,1
BRDA:98,18,1,11
BRDA:99,19,0,1
BRDA:99,19,1,11
BRDA:105,20,0,1
BRDA:105,20,1,11
BRDA:107,21,0,1
BRDA:107,21,1,11
BRF:44
BRH:30
end_of_record
TN:
SF:src/pages/History.jsx
FN:5,History
FN:11,(anonymous_1)
FN:25,(anonymous_2)
FN:30,(anonymous_3)
FN:39,(anonymous_4)
FN:43,(anonymous_5)
FN:44,(anonymous_6)
FN:54,(anonymous_7)
FN:67,(anonymous_8)
FN:123,(anonymous_9)
FN:148,(anonymous_10)
FN:173,(anonymous_11)
FNF:12
FNH:6
FNDA:18,History
FNDA:11,(anonymous_1)
FNDA:11,(anonymous_2)
FNDA:0,(anonymous_3)
FNDA:0,(anonymous_4)
FNDA:0,(anonymous_5)
FNDA:0,(anonymous_6)
FNDA:5,(anonymous_7)
FNDA:5,(anonymous_8)
FNDA:5,(anonymous_9)
FNDA:0,(anonymous_10)
FNDA:0,(anonymous_11)
DA:6,18
DA:7,18
DA:8,18
DA:9,18
DA:11,18
DA:12,11
DA:13,8
DA:14,8
DA:15,8
DA:16,8
DA:18,0
DA:20,8
DA:25,18
DA:27,11
DA:30,18
DA:31,0
DA:32,0
DA:33,0
DA:34,0
DA:39,18
DA:40,0
DA:41,0
DA:42,0
DA:43,0
DA:45,0
DA:46,0
DA:47,0
DA:49,0
DA:50,0
DA:54,18
DA:55,5
DA:57,3
DA:59,2
DA:61,0
DA:63,0
DA:67,18
DA:68,5
DA:69,5
DA:72,18
DA:124,5
DA:148,0
DA:173,0
LF:42
LH:24
BRDA:12,0,0,8
BRDA:12,0,1,3
BRDA:31,1,0,0
BRDA:31,1,1,0
BRDA:33,2,0,0
BRDA:33,2,1,0
BRDA:40,3,0,0
BRDA:40,3,1,0
BRDA:40,4,0,0
BRDA:40,4,1,0
BRDA:46,5,0,0
BRDA:46,5,1,0
BRDA:55,6,0,3
BRDA:55,6,1,2
BRDA:55,6,2,0
BRDA:55,6,3,0
BRDA:69,7,0,5
BRDA:69,7,1,0
BRDA:98,8,0,11
BRDA:98,8,1,7
BRDA:102,9,0,2
BRDA:102,9,1,5
BRDA:132,10,0,3
BRDA:132,10,1,2
BRDA:138,11,0,2
BRDA:138,11,1,3
BRDA:146,12,0,5
BRDA:146,12,1,0
BRDA:165,13,0,18
BRDA:165,13,1,0
BRDA:178,14,0,0
BRDA:178,14,1,0
BRDA:194,15,0,0
BRDA:194,15,1,0
BRF:34
BRH:15
end_of_record
TN:
SF:src/pages/Quarantine.jsx
FN:4,Quarantine
FN:8,(anonymous_1)
FN:13,(anonymous_2)
FN:22,(anonymous_3)
FN:27,(anonymous_4)
FN:40,(anonymous_5)
FN:91,(anonymous_6)
FN:106,(anonymous_7)
FN:113,(anonymous_8)
FNF:9
FNH:5
FNDA:14,Quarantine
FNDA:9,(anonymous_1)
FNDA:5,(anonymous_2)
FNDA:9,(anonymous_3)
FNDA:0,(anonymous_4)
FNDA:0,(anonymous_5)
FNDA:4,(anonymous_6)
FNDA:0,(anonymous_7)
FNDA:0,(anonymous_8)
DA:5,14
DA:6,14
DA:8,14
DA:9,9
DA:10,6
DA:11,6
DA:12,6
DA:13,6
DA:15,0
DA:17,6
DA:22,14
DA:24,9
DA:27,14
DA:28,0
DA:30,0
DA:31,0
DA:32,0
DA:33,0
DA:35,0
DA:40,14
DA:41,0
DA:43,0
DA:44,0
DA:45,0
DA:46,0
DA:48,0
DA:53,14
DA:92,4
DA:106,0
DA:113,0
LF:30
LH:15
BRDA:9,0,0,6
BRDA:9,0,1,3
BRDA:28,1,0,0
BRDA:28,1,1,0
BRDA:30,2,0,0
BRDA:30,2,1,0
BRDA:32,3,0,0
BRDA:32,3,1,0
BRDA:41,4,0,0
BRDA:41,4,1,0
BRDA:43,5,0,0
BRDA:43,5,1,0
BRDA:45,6,0,0
BRDA:45,6,1,0
BRDA:69,7,0,9
BRDA:69,7,1,5
BRDA:73,8,0,1
BRDA:73,8,1,4
BRDA:95,9,0,4
BRDA:95,9,1,1
BRF:20
BRH:8
end_of_record
TN:
SF:src/pages/RealTime.jsx
FN:5,RealTime
FN:10,(anonymous_1)
FN:15,(anonymous_2)
FN:19,(anonymous_3)
FN:25,(anonymous_4)
FN:26,(anonymous_5)
FN:31,(anonymous_6)
FN:40,(anonymous_7)
FNF:8
FNH:3
FNDA:11,RealTime
FNDA:10,(anonymous_1)
FNDA:0,(anonymous_2)
FNDA:0,(anonymous_3)
FNDA:0,(anonymous_4)
FNDA:0,(anonymous_5)
FNDA:1,(anonymous_6)
FNDA:0,(anonymous_7)
DA:6,11
DA:7,11
DA:8,11
DA:10,11
DA:11,10
DA:12,1
DA:13,1
DA:15,1
DA:16,0
DA:19,1
DA:20,0
DA:25,1
DA:26,0
DA:31,11
DA:32,1
DA:33,0
DA:34,0
DA:36,1
DA:40,11
DA:41,0
DA:42,0
DA:43,0
DA:45,0
DA:49,11
LF:24
LH:15
BRDA:11,0,0,1
BRDA:11,0,1,9
BRDA:32,1,0,0
BRDA:32,1,1,1
BRDA:41,2,0,0
BRDA:41,2,1,0
BRDA:60,3,0,1
BRDA:60,3,1,10
BRDA:61,4,0,1
BRDA:61,4,1,10
BRDA:65,5,0,1
BRDA:65,5,1,10
BRDA:66,6,0,1
BRDA:66,6,1,10
BRDA:70,7,0,1
BRDA:70,7,1,10
BRDA:79,8,0,1
BRDA:79,8,1,10
BRDA:81,9,0,1
BRDA:81,9,1,10
BRDA:87,10,0,0
BRDA:87,10,1,11
BRDA:88,11,0,0
BRDA:88,11,1,11
BRDA:92,12,0,0
BRDA:92,12,1,11
BRDA:93,13,0,0
BRDA:93,13,1,11
BRDA:97,14,0,0
BRDA:97,14,1,11
BRDA:106,15,0,0
BRDA:106,15,1,11
BRDA:108,16,0,0
BRDA:108,16,1,11
BRF:34
BRH:24
end_of_record
TN:
SF:src/pages/Scan.jsx
FN:6,Scan
FN:11,(anonymous_1)
FN:13,(anonymous_2)
FN:14,(anonymous_3)
FN:20,(anonymous_4)
FN:26,(anonymous_5)
FN:35,(anonymous_6)
FN:50,(anonymous_7)
FN:65,(anonymous_8)
FN:83,(anonymous_9)
FN:156,(anonymous_10)
FNF:11
FNH:3
FNDA:10,Scan
FNDA:9,(anonymous_1)
FNDA:0,(anonymous_2)
FNDA:0,(anonymous_3)
FNDA:0,(anonymous_4)
FNDA:0,(anonymous_5)
FNDA:1,(anonymous_6)
FNDA:0,(anonymous_7)
FNDA:0,(anonymous_8)
FNDA:0,(anonymous_9)
FNDA:0,(anonymous_10)
DA:7,10
DA:8,10
DA:9,10
DA:11,10
DA:12,9
DA:13,2
DA:14,0
DA:20,2
DA:21,0
DA:26,10
DA:27,0
DA:28,0
DA:29,0
DA:30,0
DA:35,10
DA:36,1
DA:37,1
DA:38,1
DA:39,1
DA:40,1
DA:41,1
DA:44,0
DA:46,1
DA:50,10
DA:51,0
DA:52,0
DA:53,0
DA:54,0
DA:55,0
DA:56,0
DA:59,0
DA:61,0
DA:65,10
DA:66,0
DA:67,0
DA:68,0
DA:69,0
DA:71,0
DA:72,0
DA:73,0
DA:74,0
DA:76,0
DA:78,0
DA:83,10
DA:84,0
DA:85,0
DA:87,0
DA:90,10
DA:156,0
LF:49
LH:20
BRDA:12,0,0,2
BRDA:12,0,1,7
BRDA:27,1,0,0
BRDA:27,1,1,0
BRDA:29,2,0,0
BRDA:29,2,1,0
BRDA:36,3,0,0
BRDA:36,3,1,1
BRDA:40,4,0,1
BRDA:40,4,1,0
BRDA:51,5,0,0
BRDA:51,5,1,0
BRDA:55,6,0,0
BRDA:55,6,1,0
BRDA:66,7,0,0
BRDA:66,7,1,0
BRDA:67,8,0,0
BRDA:67,8,1,0
BRDA:69,9,0,0
BRDA:69,9,1,0
BRDA:84,10,0,0
BRDA:84,10,1,0
BRDA:98,11,0,10
BRDA:98,11,1,1
BRDA:116,12,0,1
BRDA:116,12,1,9
BRDA:128,13,0,0
BRDA:128,13,1,10
BRDA:140,14,0,0
BRDA:140,14,1,10
BRF:30
BRH:10
end_of_record
